SF:lib\core\enums\task_category.dart
DA:14,1
DA:16,1
DA:18,1
DA:20,1
DA:22,1
DA:28,1
DA:30,1
DA:32,1
DA:34,1
DA:36,1
DA:42,1
DA:44,1
DA:46,1
DA:48,1
DA:50,1
DA:56,1
DA:58,1
DA:60,1
DA:62,1
DA:64,1
LF:20
LH:20
end_of_record
SF:lib\data\models\daily_tasks\task_category.dart
DA:14,1
DA:16,1
DA:18,1
DA:20,1
DA:22,1
DA:28,1
DA:30,1
DA:32,1
DA:34,1
DA:36,1
DA:42,1
DA:44,1
DA:46,1
DA:48,1
DA:50,1
DA:56,1
DA:58,1
DA:60,1
DA:62,1
DA:64,1
LF:20
LH:20
end_of_record
SF:lib\core\utils\daily_tasks\color_helper.dart
DA:7,1
DA:9,1
DA:10,2
DA:11,1
DA:12,2
DA:13,1
DA:14,1
DA:15,2
DA:20,1
DA:21,1
DA:23,2
DA:24,2
DA:25,2
DA:26,2
DA:29,2
DA:33,1
DA:34,1
DA:36,2
DA:37,2
DA:38,2
DA:39,2
DA:42,3
DA:46,1
DA:48,1
DA:52,1
DA:53,3
LF:26
LH:26
end_of_record
SF:lib\core\utils\daily_tasks\date_formatter.dart
DA:6,1
DA:8,2
DA:13,1
DA:14,2
DA:18,0
DA:19,0
DA:23,1
DA:24,1
DA:25,4
DA:26,4
DA:28,2
DA:32,1
DA:33,4
DA:34,4
DA:36,2
DA:40,1
DA:41,2
DA:45,1
DA:46,1
DA:48,1
DA:49,4
DA:50,1
DA:52,1
DA:55,1
LF:24
LH:22
end_of_record
SF:lib\core\utils\daily_tasks\task_categorizer.dart
DA:7,1
DA:8,1
DA:9,4
DA:11,1
DA:12,1
DA:13,1
DA:14,1
DA:15,1
DA:18,2
DA:19,1
DA:21,2
DA:29,1
DA:30,1
DA:31,1
DA:32,2
DA:33,2
DA:34,2
DA:38,1
DA:39,2
DA:40,2
DA:41,2
DA:45,1
DA:50,1
DA:56,1
DA:57,1
DA:63,1
DA:64,1
DA:72,1
DA:73,1
DA:74,4
DA:75,1
DA:76,1
DA:78,1
DA:87,1
LF:34
LH:34
end_of_record
SF:lib\data\models\task.dart
DA:13,4
DA:27,4
DA:29,4
DA:30,4
DA:32,2
DA:41,4
DA:42,4
DA:44,4
DA:46,1
DA:47,1
DA:51,1
DA:52,1
DA:56,8
DA:57,8
DA:58,5
DA:59,5
DA:61,4
DA:62,4
DA:63,5
DA:64,4
DA:65,4
DA:66,4
DA:67,4
DA:69,4
DA:71,4
DA:72,4
DA:73,4
DA:78,1
DA:79,1
DA:80,1
DA:81,1
DA:82,1
DA:83,1
DA:84,1
DA:85,1
DA:87,2
DA:89,2
DA:90,2
DA:91,2
LF:39
LH:39
end_of_record
SF:lib\core\utils\date_format_util.dart
DA:2,1
DA:4,1
DA:5,1
DA:6,1
DA:9,2
DA:10,2
DA:11,2
DA:14,2
DA:16,2
DA:19,2
DA:23,2
DA:24,2
DA:28,8
LF:13
LH:13
end_of_record
SF:lib\core\utils\tasks_color.dart
DA:6,1
DA:8,1
DA:9,2
DA:10,1
DA:11,2
DA:12,1
DA:13,1
DA:14,2
DA:18,1
DA:19,1
DA:20,2
DA:21,2
DA:22,2
DA:23,2
DA:25,2
DA:28,1
DA:29,1
DA:30,2
DA:31,2
DA:32,2
DA:33,2
DA:35,3
LF:22
LH:22
end_of_record
SF:lib\core\utils\task_sorter.dart
DA:7,1
DA:9,1
DA:12,1
DA:13,5
DA:16,1
DA:17,5
DA:20,1
DA:21,5
DA:24,1
DA:25,5
DA:28,1
DA:29,1
DA:30,6
DA:34,1
DA:35,1
DA:36,6
DA:46,1
DA:47,1
DA:50,1
DA:51,1
DA:53,1
LF:21
LH:21
end_of_record
SF:lib\core\utils\tree_style_util.dart
DA:7,0
DA:9,1
DA:11,1
DA:13,1
DA:15,1
DA:20,1
DA:21,1
DA:22,2
DA:25,1
DA:26,1
DA:27,1
DA:29,1
DA:34,1
DA:35,1
DA:36,2
DA:39,1
DA:41,2
DA:42,1
DA:43,1
DA:44,1
DA:45,1
DA:49,1
DA:50,1
DA:52,1
DA:53,1
DA:55,1
DA:56,1
LF:27
LH:26
end_of_record
SF:lib\data\models\tree\node_type.dart
DA:7,2
DA:10,2
DA:13,1
DA:15,1
DA:17,1
DA:19,1
LF:6
LH:6
end_of_record
SF:lib\core\utils\snackbar_utils.dart
DA:4,1
DA:5,2
DA:6,1
DA:7,1
DA:8,3
DA:13,1
DA:14,2
DA:15,1
DA:16,1
LF:9
LH:9
end_of_record
SF:lib\core\widgets\error_state_widget.dart
DA:10,1
DA:17,1
DA:19,1
DA:21,1
DA:22,1
DA:24,1
DA:25,1
DA:27,1
DA:29,1
DA:30,2
DA:32,4
DA:33,3
DA:35,1
DA:36,3
DA:37,3
DA:38,2
DA:43,2
DA:45,1
DA:46,1
DA:48,2
LF:20
LH:20
end_of_record
SF:lib\core\widgets\empty_state_widget.dart
DA:9,1
DA:15,1
DA:17,1
DA:19,1
DA:20,1
DA:22,1
DA:23,1
DA:25,1
DA:27,1
DA:28,1
DA:29,1
DA:31,2
DA:34,1
DA:35,1
DA:36,3
DA:37,2
DA:40,2
DA:42,1
DA:43,1
DA:44,3
DA:45,2
DA:50,2
DA:52,1
LF:23
LH:23
end_of_record
SF:lib\data\models\folder.dart
DA:9,5
DA:20,3
DA:22,6
DA:25,6
DA:28,4
DA:30,3
DA:31,3
DA:32,3
DA:35,7
DA:40,1
DA:46,1
DA:47,1
DA:48,1
DA:49,1
DA:50,1
DA:51,1
DA:52,2
DA:53,2
LF:18
LH:18
end_of_record
SF:lib\data\models\invitation.dart
DA:15,1
DA:28,1
DA:32,3
DA:33,2
DA:39,3
DA:40,2
DA:43,1
DA:44,1
DA:45,2
DA:47,2
DA:48,2
DA:49,1
DA:50,1
DA:51,3
LF:14
LH:14
end_of_record
SF:lib\core\widgets\loading_state_widget.dart
DA:7,1
DA:11,1
DA:13,1
DA:15,1
DA:16,1
DA:18,1
DA:19,1
DA:20,4
DA:22,2
DA:24,1
DA:25,1
DA:26,3
LF:12
LH:12
end_of_record
SF:lib\data\models\participant.dart
DA:10,1
DA:19,1
DA:22,2
DA:24,1
DA:25,1
DA:26,1
DA:27,1
DA:28,1
DA:29,1
DA:34,1
DA:35,1
LF:11
LH:11
end_of_record
SF:lib\data\models\todo_list.dart
DA:9,4
DA:20,2
DA:22,4
DA:24,2
DA:25,2
DA:26,2
DA:27,2
DA:29,5
DA:30,1
DA:31,2
DA:37,1
DA:38,1
DA:39,1
DA:40,1
DA:41,1
DA:42,2
DA:43,2
LF:17
LH:17
end_of_record
SF:lib\data\models\tree\tree_node_data.dart
DA:17,2
DA:28,1
DA:29,1
DA:30,1
DA:31,1
DA:38,1
DA:43,1
DA:44,1
DA:45,1
DA:47,1
DA:55,1
DA:61,1
DA:70,1
DA:79,1
DA:80,1
DA:81,1
DA:82,1
DA:83,1
DA:84,1
DA:85,1
DA:86,1
DA:90,1
DA:93,1
DA:94,3
DA:95,3
DA:96,3
DA:98,1
DA:99,5
DA:101,1
DA:102,4
LF:30
LH:30
end_of_record
SF:lib\data\repositories\auth_repository.dart
DA:13,1
DA:21,1
DA:27,3
DA:33,1
DA:35,1
DA:36,2
DA:37,1
DA:42,3
DA:48,1
DA:50,3
DA:55,1
DA:56,4
DA:59,3
DA:65,1
DA:67,3
DA:69,3
DA:75,4
DA:78,4
LF:18
LH:18
end_of_record
SF:lib\data\models\tree\tree_data_cache_service.dart
DA:11,3
DA:13,1
DA:14,2
DA:16,3
DA:19,3
DA:21,1
DA:22,2
DA:24,3
DA:27,3
DA:29,3
DA:31,3
DA:34,1
DA:35,2
DA:36,2
DA:37,2
DA:40,3
DA:41,3
DA:42,3
DA:45,9
DA:47,2
DA:48,2
DA:49,2
DA:50,2
LF:23
LH:23
end_of_record
SF:lib\features\auth\presentation\controllers\login_controller.dart
DA:9,1
DA:10,0
DA:13,2
DA:15,1
DA:20,1
DA:21,1
DA:24,2
DA:25,1
DA:26,1
DA:29,1
DA:30,1
DA:31,0
DA:34,0
DA:35,0
DA:41,1
DA:42,1
DA:46,1
DA:48,1
LF:18
LH:14
end_of_record
SF:lib\features\auth\presentation\domain\validators\auth_validators.dart
DA:3,0
DA:6,1
DA:7,2
DA:11,1
DA:15,2
DA:23,1
DA:24,2
DA:31,1
DA:35,1
DA:39,1
LF:10
LH:9
end_of_record
SF:lib\features\todo_lists\presentation\controllers\folder\folder_create_controller.dart
DA:13,1
DA:31,1
DA:32,1
DA:33,1
DA:34,1
DA:35,1
DA:36,1
DA:37,1
DA:38,1
DA:39,1
DA:40,1
DA:41,1
DA:42,1
DA:43,1
DA:44,1
DA:47,1
DA:49,3
DA:53,1
DA:55,2
DA:56,2
DA:57,5
DA:58,1
DA:62,1
DA:64,1
DA:65,1
DA:69,1
DA:71,1
DA:72,1
DA:73,1
DA:74,1
DA:75,1
DA:76,1
DA:79,3
DA:80,1
DA:81,1
DA:82,5
DA:83,1
DA:84,1
DA:86,1
DA:87,1
DA:93,1
DA:95,5
DA:96,1
DA:97,3
DA:98,2
DA:99,1
DA:101,1
DA:106,1
DA:107,1
DA:108,1
DA:111,2
DA:112,1
DA:115,2
DA:116,2
DA:117,1
DA:118,2
DA:123,1
DA:124,3
DA:128,1
DA:129,1
DA:130,1
DA:131,1
DA:132,1
DA:133,1
DA:134,1
LF:65
LH:65
end_of_record
SF:lib\features\todo_lists\presentation\controllers\task\task_create_controller.dart
DA:15,1
DA:38,2
DA:41,1
DA:42,1
DA:43,1
DA:44,1
DA:45,1
DA:46,1
DA:47,1
DA:48,1
DA:49,1
DA:50,1
DA:51,1
DA:52,1
DA:53,1
DA:54,1
DA:55,2
DA:56,2
DA:57,2
DA:58,2
DA:59,2
DA:62,1
DA:64,3
DA:68,1
DA:70,2
DA:71,2
DA:72,5
DA:73,1
DA:77,1
DA:79,1
DA:80,1
DA:84,1
DA:86,1
DA:87,1
DA:88,1
DA:89,1
DA:90,1
DA:91,1
DA:94,3
DA:95,1
DA:96,1
DA:97,5
DA:98,1
DA:99,1
DA:101,1
DA:102,1
DA:108,1
DA:110,5
DA:111,1
DA:112,3
DA:113,2
DA:114,1
DA:116,1
DA:121,1
DA:122,1
DA:123,1
DA:126,1
DA:127,1
DA:128,1
DA:132,1
DA:133,1
DA:134,1
DA:135,1
DA:139,1
DA:140,1
DA:141,1
DA:142,1
DA:145,1
DA:146,1
DA:147,3
DA:148,1
DA:150,1
DA:155,1
DA:160,1
DA:161,1
DA:164,2
DA:165,1
DA:168,2
DA:169,2
DA:170,1
DA:171,0
DA:172,1
DA:173,2
DA:175,1
DA:180,1
DA:181,3
DA:185,1
DA:186,1
DA:187,1
DA:188,1
DA:189,1
DA:190,1
DA:191,2
DA:192,1
DA:193,1
DA:194,1
LF:96
LH:95
end_of_record
